<?xml version="1.0" encoding="UTF-8"?>
<!-- Generated by org.testng.reporters.JUnitReportReporter -->
<testsuite hostname="DESKTOP-C3U31TA" failures="0" tests="2" name="runner.Testng" time="33.881" errors="0" timestamp="2024-06-14T11:28:22 IST" skipped="0">
  <testcase classname="runner.Testng" name="browserLaunch" time="29.618"/>
  <system-out/>
  <testcase classname="runner.Testng" name="login" time="4.263"/>
  <system-out/>
</testsuite> <!-- runner.Testng -->
