<?xml version="1.0" encoding="UTF-8"?>
<!-- Generated by org.testng.reporters.JUnitReportReporter -->
<testsuite hostname="DESKTOP-C3U31TA" failures="0" tests="3" name="runner.LoginData" time="15.360" errors="0" timestamp="2024-06-15T11:24:56 IST" skipped="0">
  <testcase classname="runner.LoginData" name="browserLaunch" time="10.741"/>
  <system-out/>
  <testcase classname="runner.LoginData" name="login" time="3.286"/>
  <system-out/>
  <testcase classname="runner.LoginData" name="login" time="1.333"/>
  <system-out/>
</testsuite> <!-- runner.LoginData -->
