<?xml version="1.0" encoding="UTF-8"?>
<!-- Generated by org.testng.reporters.JUnitReportReporter -->
<testsuite hostname="DESKTOP-C3U31TA" failures="0" tests="4" name="runner.FacebookLogin" time="50.535" errors="0" timestamp="2024-06-15T19:51:12 IST" skipped="0">
  <testcase classname="runner.FacebookLogin" name="browserLaunch" time="42.951"/>
  <system-out/>
  <testcase classname="runner.FacebookLogin" name="login" time="5.014"/>
  <system-out/>
  <testcase classname="runner.FacebookLogin" name="login" time="1.090"/>
  <system-out/>
  <testcase classname="runner.FacebookLogin" name="quit" time="1.480"/>
  <system-out/>
</testsuite> <!-- runner.FacebookLogin -->
