<?xml version="1.0" encoding="UTF-8"?>
<!-- Generated by org.testng.reporters.JUnitReportReporter -->
<testsuite hostname="DESKTOP-C3U31TA" failures="0" tests="2" name="runner.Letcodelogin" time="10.218" errors="0" timestamp="2024-06-17T19:54:36 IST" skipped="0">
  <testcase classname="runner.Letcodelogin" name="letLogin" time="7.210"/>
  <system-out/>
  <testcase classname="runner.Letcodelogin" name="letLogin" time="3.008"/>
  <system-out/>
</testsuite> <!-- runner.Letcodelogin -->
